Assembler report for AP9
Wed May 27 01:18:34 2015
Quartus II 64-Bit Version 15.0.0 Build 145 04/22/2015 SJ Web Edition


---------------------
; Table of Contents ;
---------------------
  1. Legal Notice
  2. Assembler Summary
  3. Assembler Settings
  4. Assembler Generated Files
  5. Assembler Device Options: D:/VirtualBox/Shared_Folder_Server/OrgC/processador_vhdl/AP9.sof
  6. Assembler Device Options: D:/VirtualBox/Shared_Folder_Server/OrgC/processador_vhdl/AP9.pof
  7. Assembler Messages



----------------
; Legal Notice ;
----------------
Copyright (C) 1991-2015 Altera Corporation. All rights reserved.
Your use of Altera Corporation's design tools, logic functions 
and other software and tools, and its AMPP partner logic 
functions, and any output files from any of the foregoing 
(including device programming or simulation files), and any 
associated documentation or information are expressly subject 
to the terms and conditions of the Altera Program License 
Subscription Agreement, the Altera Quartus II License Agreement,
the Altera MegaCore Function License Agreement, or other 
applicable license agreement, including, without limitation, 
that your use is for the sole purpose of programming logic 
devices manufactured by Altera and sold by Altera or its 
authorized distributors.  Please refer to the applicable 
agreement for further details.



+---------------------------------------------------------------+
; Assembler Summary                                             ;
+-----------------------+---------------------------------------+
; Assembler Status      ; Successful - Wed May 27 01:18:34 2015 ;
; Revision Name         ; AP9                                   ;
; Top-level Entity Name ; AP9                                   ;
; Family                ; Cyclone IV E                          ;
; Device                ; EP4CE115F29C7                         ;
+-----------------------+---------------------------------------+


+----------------------------------+
; Assembler Settings               ;
+--------+---------+---------------+
; Option ; Setting ; Default Value ;
+--------+---------+---------------+


+------------------------------------------------------------------+
; Assembler Generated Files                                        ;
+------------------------------------------------------------------+
; File Name                                                        ;
+------------------------------------------------------------------+
; D:/VirtualBox/Shared_Folder_Server/OrgC/processador_vhdl/AP9.sof ;
; D:/VirtualBox/Shared_Folder_Server/OrgC/processador_vhdl/AP9.pof ;
+------------------------------------------------------------------+


+--------------------------------------------------------------------------------------------+
; Assembler Device Options: D:/VirtualBox/Shared_Folder_Server/OrgC/processador_vhdl/AP9.sof ;
+----------------+---------------------------------------------------------------------------+
; Option         ; Setting                                                                   ;
+----------------+---------------------------------------------------------------------------+
; Device         ; EP4CE115F29C7                                                             ;
; JTAG usercode  ; 0xFFFFFFFF                                                                ;
; Checksum       ; 0x00C850A3                                                                ;
+----------------+---------------------------------------------------------------------------+


+--------------------------------------------------------------------------------------------+
; Assembler Device Options: D:/VirtualBox/Shared_Folder_Server/OrgC/processador_vhdl/AP9.pof ;
+--------------------+-----------------------------------------------------------------------+
; Option             ; Setting                                                               ;
+--------------------+-----------------------------------------------------------------------+
; Device             ; EPCS64                                                                ;
; JTAG usercode      ; 0x00000000                                                            ;
; Checksum           ; 0x705A3399                                                            ;
; Compression Ratio  ; 3                                                                     ;
+--------------------+-----------------------------------------------------------------------+


+--------------------+
; Assembler Messages ;
+--------------------+
Info: *******************************************************************
Info: Running Quartus II 64-Bit Assembler
    Info: Version 15.0.0 Build 145 04/22/2015 SJ Web Edition
    Info: Processing started: Wed May 27 01:18:25 2015
Info: Command: quartus_asm --read_settings_files=off --write_settings_files=off AP9 -c AP9
Warning (125092): Tcl Script File ../../ProcUktimaVersao/ProcessadorRegsVariables_SemInstrucoesUltima1/lpm_mux1.qip not found
    Info (125063): set_global_assignment -name QIP_FILE ../../ProcUktimaVersao/ProcessadorRegsVariables_SemInstrucoesUltima1/lpm_mux1.qip
Info (115031): Writing out detailed assembly data for power analysis
Info (115030): Assembler is generating device programming files
Info: Quartus II 64-Bit Assembler was successful. 0 errors, 1 warning
    Info: Peak virtual memory: 631 megabytes
    Info: Processing ended: Wed May 27 01:18:34 2015
    Info: Elapsed time: 00:00:09
    Info: Total CPU time (on all processors): 00:00:08


